c:\users\chentp\source\repos\openglproject\project1\debug\vc141.pdb
c:\users\chentp\source\repos\openglproject\project1\debug\vc141.idb
c:\users\chentp\source\repos\openglproject\project1\debug\projecttriangle.obj
c:\users\chentp\source\repos\openglproject\project1\debug\projecttransformation.obj
c:\users\chentp\source\repos\openglproject\project1\debug\projectrasterization.obj
c:\users\chentp\source\repos\openglproject\project1\debug\main.obj
c:\users\chentp\source\repos\openglproject\project1\debug\imgui_widgets.obj
c:\users\chentp\source\repos\openglproject\project1\debug\imgui_impl_opengl3.obj
c:\users\chentp\source\repos\openglproject\project1\debug\imgui_impl_glfw.obj
c:\users\chentp\source\repos\openglproject\project1\debug\imgui_draw.obj
c:\users\chentp\source\repos\openglproject\project1\debug\imgui_demo.obj
c:\users\chentp\source\repos\openglproject\project1\debug\imgui.obj
c:\users\chentp\source\repos\openglproject\project1\debug\glad.obj
c:\users\chentp\source\repos\openglproject\project1\debug\projectcamera.obj
c:\users\chentp\source\repos\openglproject\project1\debug\projectlights.obj
c:\users\chentp\source\repos\openglproject\debug\openglproject.exe
c:\users\chentp\source\repos\openglproject\debug\openglproject.ilk
c:\users\chentp\source\repos\openglproject\debug\openglproject.pdb
c:\users\chentp\source\repos\openglproject\project1\debug\openglproject.tlog\cl.command.1.tlog
c:\users\chentp\source\repos\openglproject\project1\debug\openglproject.tlog\cl.read.1.tlog
c:\users\chentp\source\repos\openglproject\project1\debug\openglproject.tlog\cl.write.1.tlog
c:\users\chentp\source\repos\openglproject\project1\debug\openglproject.tlog\link.14096-cvtres.read.1.tlog
c:\users\chentp\source\repos\openglproject\project1\debug\openglproject.tlog\link.14096-cvtres.write.1.tlog
c:\users\chentp\source\repos\openglproject\project1\debug\openglproject.tlog\link.14096-rc.read.1.tlog
c:\users\chentp\source\repos\openglproject\project1\debug\openglproject.tlog\link.14096-rc.write.1.tlog
c:\users\chentp\source\repos\openglproject\project1\debug\openglproject.tlog\link.14096.read.1.tlog
c:\users\chentp\source\repos\openglproject\project1\debug\openglproject.tlog\link.14096.write.1.tlog
c:\users\chentp\source\repos\openglproject\project1\debug\openglproject.tlog\link.command.1.tlog
c:\users\chentp\source\repos\openglproject\project1\debug\openglproject.tlog\link.read.1.tlog
c:\users\chentp\source\repos\openglproject\project1\debug\openglproject.tlog\link.write.1.tlog
