  glad.c
  imgui.cpp
  imgui_demo.cpp
  imgui_draw.cpp
  imgui_impl_glfw.cpp
  imgui_impl_opengl3.cpp
  imgui_widgets.cpp
  main.cpp
c:\users\chentp\source\repos\openglproject\project1\main.cpp(91): warning C4244: “初始化”: 从“double”转换到“float”，可能丢失数据
c:\users\chentp\source\repos\openglproject\project1\main.cpp(153): warning C4244: “=”: 从“double”转换到“float”，可能丢失数据
c:\users\chentp\source\repos\openglproject\project1\main.cpp(154): warning C4244: “=”: 从“double”转换到“float”，可能丢失数据
c:\users\chentp\source\repos\openglproject\project1\main.cpp(158): warning C4244: “+=”: 从“double”转换到“float”，可能丢失数据
c:\users\chentp\source\repos\openglproject\project1\main.cpp(159): warning C4244: “+=”: 从“double”转换到“float”，可能丢失数据
c:\users\chentp\source\repos\openglproject\project1\main.cpp(163): warning C4244: “=”: 从“double”转换到“float”，可能丢失数据
c:\users\chentp\source\repos\openglproject\project1\main.cpp(164): warning C4244: “=”: 从“double”转换到“float”，可能丢失数据
  ProjectCamera.cpp
  ProjectLights.cpp
  ProjectRasterization.cpp
  ProjectTransformation.cpp
  ProjectTriangle.cpp
  正在生成代码...
LINK : warning LNK4098: 默认库“MSVCRT”与其他库的使用冲突；请使用 /NODEFAULTLIB:library
  Project1.vcxproj -> C:\Users\chentp\source\repos\OpenGLproject\Debug\OpenGLproject.exe
